<?xml version="1.0" encoding="UTF-8"?>
<!-- Generated by org.testng.reporters.JUnitReportReporter -->
<testsuite hostname="Jeeva" failures="0" tests="1" name="com.Scenario1.ExcelReader" time="0.455" errors="0" timestamp="2024-08-25T11:35:08 IST" skipped="0">
  <testcase classname="com.Scenario1.ExcelReader" name="readData" time="0.455"/>
  <system-out/>
</testsuite> <!-- com.Scenario1.ExcelReader -->
